Using pre-set license
Built from '2020.3/staging' branch; Version is '2020.3.25f1 (9b9180224418) revision 10195328'; Using compiler version '192528614'; Build Type 'Release'
OS: 'Windows 11  (10.0.22000) 64bit Core' Language: 'ko' Physical Memory: 24409 MB
BatchMode: 1, IsHumanControllingUs: 0, StartBugReporterOnCrash: 0, Is64bit: 1, IsPro: 0

COMMAND LINE ARGUMENTS:
Y:\서울여대\GURU1_unity\2020.3.25f1\Editor\Unity.exe
-adb2
-batchMode
-noUpm
-name
AssetImportWorker0
-projectPath
Y:/서울여대/GURU1_unity/GURU1_Unity_77/Final/P12
-logFile
Logs/AssetImportWorker0.log
-srvPort
59052
Successfully changed project path to: Y:/서울여대/GURU1_unity/GURU1_Unity_77/Final/P12
Y:/서울여대/GURU1_unity/GURU1_Unity_77/Final/P12
Using Asset Import Pipeline V2.
Refreshing native plugins compatible for Editor in 110.73 ms, found 3 plugins.
Preloading 0 native plugins for Editor in 0.00 ms.
Initialize engine version: 2020.3.25f1 (9b9180224418)
[Subsystems] Discovering subsystems at path Y:/서울여대/GURU1_unity/2020.3.25f1/Editor/Data/Resources/UnitySubsystems
[Subsystems] Discovering subsystems at path Y:/서울여대/GURU1_unity/GURU1_Unity_77/Final/P12/Assets
GfxDevice: creating device client; threaded=0
Direct3D:
    Version:  Direct3D 11.0 [level 11.1]
    Renderer: Intel(R) UHD Graphics 620 (ID=0x5917)
    Vendor:   
    VRAM:     12204 MB
    Driver:   25.20.100.6577
Initialize mono
Mono path[0] = 'Y:/서울여대/GURU1_unity/2020.3.25f1/Editor/Data/Managed'
Mono path[1] = 'Y:/서울여대/GURU1_unity/2020.3.25f1/Editor/Data/MonoBleedingEdge/lib/mono/unityjit'
Mono config path = 'Y:/서울여대/GURU1_unity/2020.3.25f1/Editor/Data/MonoBleedingEdge/etc'
Using monoOptions --debugger-agent=transport=dt_socket,embedding=1,server=y,suspend=n,address=127.0.0.1:56980
Begin MonoManager ReloadAssembly
Registering precompiled unity dll's ...
Register platform support module: Y:/서울여대/GURU1_unity/2020.3.25f1/Editor/Data/PlaybackEngines/WindowsStandaloneSupport/UnityEditor.WindowsStandalone.Extensions.dll
Registered in 0.002152 seconds.
Native extension for WindowsStandalone target not found
Refreshing native plugins compatible for Editor in 95.44 ms, found 3 plugins.
Preloading 0 native plugins for Editor in 0.00 ms.
Mono: successfully reloaded assembly
- Completed reload, in  1.262 seconds
Domain Reload Profiling:
	ReloadAssembly (1262ms)
		BeginReloadAssembly (116ms)
			ExecutionOrderSort (0ms)
			DisableScriptedObjects (0ms)
			BackupInstance (0ms)
			ReleaseScriptingObjects (0ms)
			CreateAndSetChildDomain (1ms)
		EndReloadAssembly (1020ms)
			LoadAssemblies (116ms)
			RebuildTransferFunctionScriptingTraits (0ms)
			SetupTypeCache (305ms)
			ReleaseScriptCaches (0ms)
			RebuildScriptCaches (84ms)
			SetupLoadedEditorAssemblies (322ms)
				LogAssemblyErrors (0ms)
				InitializePlatformSupportModulesInManaged (8ms)
				SetLoadedEditorAssemblies (0ms)
				RefreshPlugins (96ms)
				BeforeProcessingInitializeOnLoad (27ms)
				ProcessInitializeOnLoadAttributes (139ms)
				ProcessInitializeOnLoadMethodAttributes (51ms)
				AfterProcessingInitializeOnLoad (0ms)
				EditorAssembliesLoaded (0ms)
			ExecutionOrderSort2 (0ms)
			AwakeInstancesAfterBackupRestoration (0ms)
Platform modules already initialized, skipping
Registering precompiled user dll's ...
Registered in 0.010317 seconds.
Begin MonoManager ReloadAssembly
Symbol file data-000001E38C93F020 doesn't match image Y:\서울여대\GURU1_unity\GURU1_Unity_77\Final\P12\Library\ScriptAssemblies\Unity.2D.Animation.Editor.dll
Symbol file LoadedFromMemory is not a mono symbol file
Symbol file data-000001E1BBEAF030 doesn't match image Y:\서울여대\GURU1_unity\GURU1_Unity_77\Final\P12\Library\ScriptAssemblies\Unity.InternalAPIEngineBridge.001.dll
Symbol file LoadedFromMemory is not a mono symbol file
Symbol file data-000001E388850880 doesn't match image Y:\서울여대\GURU1_unity\GURU1_Unity_77\Final\P12\Library\ScriptAssemblies\Unity.VSCode.Editor.dll
Symbol file LoadedFromMemory is not a mono symbol file
Symbol file data-000001E38C45A030 doesn't match image Y:\서울여대\GURU1_unity\GURU1_Unity_77\Final\P12\Library\ScriptAssemblies\Unity.2D.PixelPerfect.dll
Symbol file LoadedFromMemory is not a mono symbol file
Symbol file data-000001E3888B1830 doesn't match image Y:\서울여대\GURU1_unity\GURU1_Unity_77\Final\P12\Library\ScriptAssemblies\Unity.2D.Tilemap.Editor.dll
Symbol file LoadedFromMemory is not a mono symbol file
Symbol file data-000001E38C963C30 doesn't match image Y:\서울여대\GURU1_unity\GURU1_Unity_77\Final\P12\Library\ScriptAssemblies\PsdPlugin.dll
Symbol file LoadedFromMemory is not a mono symbol file
Symbol file data-000001E3888B1830 doesn't match image Y:\서울여대\GURU1_unity\GURU1_Unity_77\Final\P12\Library\ScriptAssemblies\Unity.TextMeshPro.Editor.dll
Symbol file LoadedFromMemory is not a mono symbol file
Symbol file data-000001E3889DC040 doesn't match image Y:\서울여대\GURU1_unity\GURU1_Unity_77\Final\P12\Library\ScriptAssemblies\Unity.VisualStudio.Editor.dll
Symbol file LoadedFromMemory is not a mono symbol file
Symbol file data-000001E38C963C30 doesn't match image Y:\서울여대\GURU1_unity\GURU1_Unity_77\Final\P12\Library\ScriptAssemblies\UnityEngine.TestRunner.dll
Symbol file LoadedFromMemory is not a mono symbol file
Symbol file data-000001E3888B1830 doesn't match image Y:\서울여대\GURU1_unity\GURU1_Unity_77\Final\P12\Library\ScriptAssemblies\Unity.Timeline.dll
Symbol file LoadedFromMemory is not a mono symbol file
Symbol file data-000001E38CF20020 doesn't match image Y:\서울여대\GURU1_unity\GURU1_Unity_77\Final\P12\Library\ScriptAssemblies\Unity.TextMeshPro.dll
Symbol file LoadedFromMemory is not a mono symbol file
Symbol file data-000001E3888B1830 doesn't match image Y:\서울여대\GURU1_unity\GURU1_Unity_77\Final\P12\Library\ScriptAssemblies\UnityEditor.TestRunner.dll
Symbol file LoadedFromMemory is not a mono symbol file
Symbol file data-000001E38C4D6020 doesn't match image Y:\서울여대\GURU1_unity\GURU1_Unity_77\Final\P12\Library\ScriptAssemblies\Unity.2D.IK.Editor.dll
Symbol file LoadedFromMemory is not a mono symbol file
Symbol file data-000001E3888B1830 doesn't match image Y:\서울여대\GURU1_unity\GURU1_Unity_77\Final\P12\Library\ScriptAssemblies\Unity.2D.Sprite.Editor.dll
Symbol file LoadedFromMemory is not a mono symbol file
Symbol file data-000001E3889DC040 doesn't match image Y:\서울여대\GURU1_unity\GURU1_Unity_77\Final\P12\Library\ScriptAssemblies\Unity.2D.Psdimporter.Editor.dll
Symbol file LoadedFromMemory is not a mono symbol file
Symbol file data-000001E38D065C50 doesn't match image Y:\서울여대\GURU1_unity\GURU1_Unity_77\Final\P12\Library\ScriptAssemblies\Unity.2D.Path.Editor.dll
Symbol file LoadedFromMemory is not a mono symbol file
Symbol file data-000001E38D2F9430 doesn't match image Y:\서울여대\GURU1_unity\GURU1_Unity_77\Final\P12\Library\ScriptAssemblies\Unity.InternalAPIEditorBridge.001.dll
Symbol file LoadedFromMemory is not a mono symbol file
Symbol file data-000001E3889DC040 doesn't match image Y:\서울여대\GURU1_unity\GURU1_Unity_77\Final\P12\Library\ScriptAssemblies\UnityEditor.UI.dll
Symbol file LoadedFromMemory is not a mono symbol file
Symbol file data-000001E38DB36020 doesn't match image Y:\서울여대\GURU1_unity\GURU1_Unity_77\Final\P12\Library\ScriptAssemblies\Unity.PlasticSCM.Editor.dll
Symbol file LoadedFromMemory is not a mono symbol file
Symbol file data-000001E388B523C0 doesn't match image Y:\서울여대\GURU1_unity\GURU1_Unity_77\Final\P12\Library\ScriptAssemblies\Unity.Rider.Editor.dll
Symbol file LoadedFromMemory is not a mono symbol file
Symbol file data-000001E38D094A30 doesn't match image Y:\서울여대\GURU1_unity\GURU1_Unity_77\Final\P12\Library\ScriptAssemblies\UnityEngine.UI.dll
Symbol file LoadedFromMemory is not a mono symbol file
Symbol file data-000001E38DF2E010 doesn't match image Y:\서울여대\GURU1_unity\GURU1_Unity_77\Final\P12\Library\ScriptAssemblies\Unity.Mathematics.dll
Symbol file LoadedFromMemory is not a mono symbol file
Symbol file data-000001E38C4D6020 doesn't match image Y:\서울여대\GURU1_unity\GURU1_Unity_77\Final\P12\Library\ScriptAssemblies\Unity.2D.IK.Runtime.dll
Symbol file LoadedFromMemory is not a mono symbol file
Symbol file data-000001E388B523C0 doesn't match image Y:\서울여대\GURU1_unity\GURU1_Unity_77\Final\P12\Library\ScriptAssemblies\Unity.Services.Core.Editor.dll
Symbol file LoadedFromMemory is not a mono symbol file
Symbol file data-000001E38D094A30 doesn't match image Y:\서울여대\GURU1_unity\GURU1_Unity_77\Final\P12\Library\ScriptAssemblies\Unity.2D.Animation.Triangle.Runtime.dll
Symbol file LoadedFromMemory is not a mono symbol file
Symbol file data-000001E38CC18C20 doesn't match image Y:\서울여대\GURU1_unity\GURU1_Unity_77\Final\P12\Library\ScriptAssemblies\Unity.2D.Animation.Runtime.dll
Symbol file LoadedFromMemory is not a mono symbol file
Symbol file data-000001E388A1C960 doesn't match image Y:\서울여대\GURU1_unity\GURU1_Unity_77\Final\P12\Library\ScriptAssemblies\Unity.2D.PixelPerfect.Editor.dll
Symbol file LoadedFromMemory is not a mono symbol file
Symbol file data-000001E38CD71020 doesn't match image Y:\서울여대\GURU1_unity\GURU1_Unity_77\Final\P12\Library\ScriptAssemblies\Unity.Timeline.Editor.dll
Symbol file LoadedFromMemory is not a mono symbol file
Symbol file data-000001E38E33A020 doesn't match image Y:\서울여대\GURU1_unity\GURU1_Unity_77\Final\P12\Library\ScriptAssemblies\Unity.CollabProxy.Editor.dll
Symbol file LoadedFromMemory is not a mono symbol file
Symbol file data-000001E38E4EA020 doesn't match image Y:\서울여대\GURU1_unity\GURU1_Unity_77\Final\P12\Library\ScriptAssemblies\Unity.Mathematics.Editor.dll
Symbol file LoadedFromMemory is not a mono symbol file
Symbol file data-000001E38E129FB0 doesn't match image Y:\서울여대\GURU1_unity\GURU1_Unity_77\Final\P12\Library\ScriptAssemblies\Unity.2D.Common.Runtime.dll
Symbol file LoadedFromMemory is not a mono symbol file
Symbol file data-000001E38D1A0A30 doesn't match image Y:\서울여대\GURU1_unity\GURU1_Unity_77\Final\P12\Library\ScriptAssemblies\Unity.2D.SpriteShape.Editor.dll
Symbol file LoadedFromMemory is not a mono symbol file
Symbol file data-000001E38C4D6020 doesn't match image Y:\서울여대\GURU1_unity\GURU1_Unity_77\Final\P12\Library\ScriptAssemblies\Unity.2D.Common.Editor.dll
Symbol file LoadedFromMemory is not a mono symbol file
Symbol file data-000001E38C6815A0 doesn't match image Y:\서울여대\GURU1_unity\GURU1_Unity_77\Final\P12\Library\ScriptAssemblies\Unity.2D.SpriteShape.Runtime.dll
Symbol file LoadedFromMemory is not a mono symbol file
Native extension for WindowsStandalone target not found
Refreshing native plugins compatible for Editor in 146.65 ms, found 3 plugins.
Preloading 0 native plugins for Editor in 0.00 ms.
Mono: successfully reloaded assembly
- Completed reload, in  2.990 seconds
Domain Reload Profiling:
	ReloadAssembly (2993ms)
		BeginReloadAssembly (284ms)
			ExecutionOrderSort (0ms)
			DisableScriptedObjects (8ms)
			BackupInstance (0ms)
			ReleaseScriptingObjects (0ms)
			CreateAndSetChildDomain (30ms)
		EndReloadAssembly (2602ms)
			LoadAssemblies (197ms)
			RebuildTransferFunctionScriptingTraits (0ms)
			SetupTypeCache (1024ms)
			ReleaseScriptCaches (1ms)
			RebuildScriptCaches (130ms)
			SetupLoadedEditorAssemblies (924ms)
				LogAssemblyErrors (0ms)
				InitializePlatformSupportModulesInManaged (8ms)
				SetLoadedEditorAssemblies (2ms)
				RefreshPlugins (147ms)
				BeforeProcessingInitializeOnLoad (220ms)
				ProcessInitializeOnLoadAttributes (495ms)
				ProcessInitializeOnLoadMethodAttributes (44ms)
				AfterProcessingInitializeOnLoad (7ms)
				EditorAssembliesLoaded (0ms)
			ExecutionOrderSort2 (0ms)
			AwakeInstancesAfterBackupRestoration (16ms)
Platform modules already initialized, skipping
========================================================================
Worker process is ready to serve import requests
Launched and connected shader compiler UnityShaderCompiler.exe after 0.21 seconds
Refreshing native plugins compatible for Editor in 0.81 ms, found 3 plugins.
Preloading 0 native plugins for Editor in 0.00 ms.
Unloading 2226 Unused Serialized files (Serialized files now loaded: 0)
System memory in use before: 96.7 MB.
System memory in use after: 96.8 MB.

Unloading 28 unused Assets to reduce memory usage. Loaded Objects now: 2661.
Total: 5.621900 ms (FindLiveObjects: 0.244900 ms CreateObjectMapping: 0.150600 ms MarkObjects: 5.134600 ms  DeleteObjects: 0.090300 ms)

AssetImportParameters requested are different than current active one (requested -> active):
  custom:framework-win-MediaFoundation: 216162199b28c13a410421893ffa2e32 -> 
  custom:video-decoder-ogg-theora: a1e56fd34408186e4bbccfd4996cb3dc -> 
  custom:container-muxer-webm: aa71ff27fc2769a1b78a27578f13a17b -> 
  custom:container-demuxer-webm: 4f35f7cbe854078d1ac9338744f61a02 -> 
  custom:container-demuxer-ogg: 62fdf1f143b41e24485cea50d1cbac27 -> 
  custom:video-encoder-webm-vp8: eb34c28f22e8b96e1ab97ce403110664 -> 
  custom:video-decoder-webm-vp8: 9c59270c3fd7afecdb556c50c9e8de78 -> 
  custom:audio-decoder-ogg-vorbis: bf7c407c2cedff20999df2af8eb42d56 -> 
  custom:audio-encoder-webm-vorbis: bf7c407c2cedff20999df2af8eb42d56 -> 
========================================================================
Received Import Request.
  path: Assets/Scenes/Play.unity
  artifactKey: Guid(51de2a4da48ab18489320dc7d1e75db1) Importer(815301076,1909f56bfc062723c751e8b465ee728b)
Start importing Assets/Scenes/Play.unity using Guid(51de2a4da48ab18489320dc7d1e75db1) Importer(815301076,1909f56bfc062723c751e8b465ee728b)  -> (artifact id: '25b429c78e95901fb3b319c1b90c00b0') in 0.024729 seconds 
  Import took 0.031381 seconds .

========================================================================
Received Import Request.
  Time since last request: 57.131632 seconds.
  path: Assets/images/char/Red_idle1.png
  artifactKey: Guid(c329dad15f622954c9e0ff9c2a590ee7) Importer(815301076,1909f56bfc062723c751e8b465ee728b)
Start importing Assets/images/char/Red_idle1.png using Guid(c329dad15f622954c9e0ff9c2a590ee7) Importer(815301076,1909f56bfc062723c751e8b465ee728b)  -> (artifact id: '8405c534c28a71060751ddca27c385a6') in 0.566669 seconds 
  Import took 0.585850 seconds .

========================================================================
Received Import Request.
  Time since last request: 0.001180 seconds.
  path: Assets/images/char/Red_idle2.png
  artifactKey: Guid(4b8b2cf3800ffa049b515aa259ac561e) Importer(815301076,1909f56bfc062723c751e8b465ee728b)
Start importing Assets/images/char/Red_idle2.png using Guid(4b8b2cf3800ffa049b515aa259ac561e) Importer(815301076,1909f56bfc062723c751e8b465ee728b)  -> (artifact id: '556b13b04e707f6a760c3eb0a6fa3949') in 0.052481 seconds 
  Import took 0.070872 seconds .

========================================================================
Received Import Request.
  Time since last request: 0.001040 seconds.
  path: Assets/images/char/Red_idle3.png
  artifactKey: Guid(aa0768cb60e19b848bc2c9138bf84446) Importer(815301076,1909f56bfc062723c751e8b465ee728b)
Start importing Assets/images/char/Red_idle3.png using Guid(aa0768cb60e19b848bc2c9138bf84446) Importer(815301076,1909f56bfc062723c751e8b465ee728b)  -> (artifact id: 'cf8942228ddc3abb22c58ec1715a4f17') in 0.064407 seconds 
  Import took 0.087139 seconds .

========================================================================
Received Import Request.
  Time since last request: 21.449970 seconds.
  path: Assets/Scripts/endingButton.cs
  artifactKey: Guid(cc2824cd9538ba14cb5e1e7650118c41) Importer(815301076,1909f56bfc062723c751e8b465ee728b)
Start importing Assets/Scripts/endingButton.cs using Guid(cc2824cd9538ba14cb5e1e7650118c41) Importer(815301076,1909f56bfc062723c751e8b465ee728b)  -> (artifact id: '553c816aa66bfcca00f6b524d0b315d1') in 0.030004 seconds 
  Import took 0.041227 seconds .

========================================================================
Received Prepare
Registering precompiled user dll's ...
Registered in 0.011539 seconds.
Begin MonoManager ReloadAssembly
Symbol file data-000001E38FB8E010 doesn't match image Y:\서울여대\GURU1_unity\GURU1_Unity_77\Final\P12\Library\ScriptAssemblies\Unity.2D.Animation.Editor.dll
Symbol file LoadedFromMemory is not a mono symbol file
Symbol file data-000001E3913B70C0 doesn't match image Y:\서울여대\GURU1_unity\GURU1_Unity_77\Final\P12\Library\ScriptAssemblies\Unity.InternalAPIEngineBridge.001.dll
Symbol file LoadedFromMemory is not a mono symbol file
Symbol file data-000001E39183F8E0 doesn't match image Y:\서울여대\GURU1_unity\GURU1_Unity_77\Final\P12\Library\ScriptAssemblies\Unity.VSCode.Editor.dll
Symbol file LoadedFromMemory is not a mono symbol file
Symbol file data-000001E3915681C0 doesn't match image Y:\서울여대\GURU1_unity\GURU1_Unity_77\Final\P12\Library\ScriptAssemblies\Unity.2D.PixelPerfect.dll
Symbol file LoadedFromMemory is not a mono symbol file
Symbol file data-000001E38C8B1020 doesn't match image Y:\서울여대\GURU1_unity\GURU1_Unity_77\Final\P12\Library\ScriptAssemblies\Unity.2D.Tilemap.Editor.dll
Symbol file LoadedFromMemory is not a mono symbol file
Symbol file data-000001E39229DF80 doesn't match image Y:\서울여대\GURU1_unity\GURU1_Unity_77\Final\P12\Library\ScriptAssemblies\PsdPlugin.dll
Symbol file LoadedFromMemory is not a mono symbol file
Symbol file data-000001E38C8B1020 doesn't match image Y:\서울여대\GURU1_unity\GURU1_Unity_77\Final\P12\Library\ScriptAssemblies\Unity.TextMeshPro.Editor.dll
Symbol file LoadedFromMemory is not a mono symbol file
Symbol file data-000001E38D2E0830 doesn't match image Y:\서울여대\GURU1_unity\GURU1_Unity_77\Final\P12\Library\ScriptAssemblies\Unity.VisualStudio.Editor.dll
Symbol file LoadedFromMemory is not a mono symbol file
Symbol file data-000001E38C4CE010 doesn't match image Y:\서울여대\GURU1_unity\GURU1_Unity_77\Final\P12\Library\ScriptAssemblies\UnityEngine.TestRunner.dll
Symbol file LoadedFromMemory is not a mono symbol file
Symbol file data-000001E38C8B1020 doesn't match image Y:\서울여대\GURU1_unity\GURU1_Unity_77\Final\P12\Library\ScriptAssemblies\Unity.Timeline.dll
Symbol file LoadedFromMemory is not a mono symbol file
Symbol file data-000001E38DE10010 doesn't match image Y:\서울여대\GURU1_unity\GURU1_Unity_77\Final\P12\Library\ScriptAssemblies\Unity.TextMeshPro.dll
Symbol file LoadedFromMemory is not a mono symbol file
Symbol file data-000001E38C715590 doesn't match image Y:\서울여대\GURU1_unity\GURU1_Unity_77\Final\P12\Library\ScriptAssemblies\UnityEditor.TestRunner.dll
Symbol file LoadedFromMemory is not a mono symbol file
Symbol file data-000001E39183F8E0 doesn't match image Y:\서울여대\GURU1_unity\GURU1_Unity_77\Final\P12\Library\ScriptAssemblies\Unity.2D.IK.Editor.dll
Symbol file LoadedFromMemory is not a mono symbol file
Symbol file data-000001E38C8B1020 doesn't match image Y:\서울여대\GURU1_unity\GURU1_Unity_77\Final\P12\Library\ScriptAssemblies\Unity.2D.Sprite.Editor.dll
Symbol file LoadedFromMemory is not a mono symbol file
Symbol file data-000001E38D2E0830 doesn't match image Y:\서울여대\GURU1_unity\GURU1_Unity_77\Final\P12\Library\ScriptAssemblies\Unity.2D.Psdimporter.Editor.dll
Symbol file LoadedFromMemory is not a mono symbol file
Symbol file data-000001E388A57020 doesn't match image Y:\서울여대\GURU1_unity\GURU1_Unity_77\Final\P12\Library\ScriptAssemblies\Unity.2D.Path.Editor.dll
Symbol file LoadedFromMemory is not a mono symbol file
Symbol file data-000001E388A2F060 doesn't match image Y:\서울여대\GURU1_unity\GURU1_Unity_77\Final\P12\Library\ScriptAssemblies\Unity.InternalAPIEditorBridge.001.dll
Symbol file LoadedFromMemory is not a mono symbol file
Symbol file data-000001E38D2E0830 doesn't match image Y:\서울여대\GURU1_unity\GURU1_Unity_77\Final\P12\Library\ScriptAssemblies\UnityEditor.UI.dll
Symbol file LoadedFromMemory is not a mono symbol file
Symbol file data-000001E38FB8E010 doesn't match image Y:\서울여대\GURU1_unity\GURU1_Unity_77\Final\P12\Library\ScriptAssemblies\Unity.PlasticSCM.Editor.dll
Symbol file LoadedFromMemory is not a mono symbol file
Symbol file data-000001E391499220 doesn't match image Y:\서울여대\GURU1_unity\GURU1_Unity_77\Final\P12\Library\ScriptAssemblies\Unity.Rider.Editor.dll
Symbol file LoadedFromMemory is not a mono symbol file
Symbol file data-000001E38F933020 doesn't match image Y:\서울여대\GURU1_unity\GURU1_Unity_77\Final\P12\Library\ScriptAssemblies\UnityEngine.UI.dll
Symbol file LoadedFromMemory is not a mono symbol file
Symbol file data-000001E38DF2E010 doesn't match image Y:\서울여대\GURU1_unity\GURU1_Unity_77\Final\P12\Library\ScriptAssemblies\Unity.Mathematics.dll
Symbol file LoadedFromMemory is not a mono symbol file
Symbol file data-000001E39183F8E0 doesn't match image Y:\서울여대\GURU1_unity\GURU1_Unity_77\Final\P12\Library\ScriptAssemblies\Unity.2D.IK.Runtime.dll
Symbol file LoadedFromMemory is not a mono symbol file
Symbol file data-000001E391499220 doesn't match image Y:\서울여대\GURU1_unity\GURU1_Unity_77\Final\P12\Library\ScriptAssemblies\Unity.Services.Core.Editor.dll
Symbol file LoadedFromMemory is not a mono symbol file
Symbol file data-000001E38F933020 doesn't match image Y:\서울여대\GURU1_unity\GURU1_Unity_77\Final\P12\Library\ScriptAssemblies\Unity.2D.Animation.Triangle.Runtime.dll
Symbol file LoadedFromMemory is not a mono symbol file
Symbol file data-000001E38E976A80 doesn't match image Y:\서울여대\GURU1_unity\GURU1_Unity_77\Final\P12\Library\ScriptAssemblies\Unity.2D.Animation.Runtime.dll
Symbol file LoadedFromMemory is not a mono symbol file
Symbol file data-000001E390F64520 doesn't match image Y:\서울여대\GURU1_unity\GURU1_Unity_77\Final\P12\Library\ScriptAssemblies\Unity.2D.PixelPerfect.Editor.dll
Symbol file LoadedFromMemory is not a mono symbol file
Symbol file data-000001E38D0D4020 doesn't match image Y:\서울여대\GURU1_unity\GURU1_Unity_77\Final\P12\Library\ScriptAssemblies\Unity.Timeline.Editor.dll
Symbol file LoadedFromMemory is not a mono symbol file
Symbol file data-000001E388A78930 doesn't match image Y:\서울여대\GURU1_unity\GURU1_Unity_77\Final\P12\Library\ScriptAssemblies\Unity.CollabProxy.Editor.dll
Symbol file LoadedFromMemory is not a mono symbol file
Symbol file data-000001E3888519F0 doesn't match image Y:\서울여대\GURU1_unity\GURU1_Unity_77\Final\P12\Library\ScriptAssemblies\Unity.Mathematics.Editor.dll
Symbol file LoadedFromMemory is not a mono symbol file
Symbol file data-000001E38E12A350 doesn't match image Y:\서울여대\GURU1_unity\GURU1_Unity_77\Final\P12\Library\ScriptAssemblies\Unity.2D.Common.Runtime.dll
Symbol file LoadedFromMemory is not a mono symbol file
Symbol file data-000001E38D2E0830 doesn't match image Y:\서울여대\GURU1_unity\GURU1_Unity_77\Final\P12\Library\ScriptAssemblies\Unity.2D.SpriteShape.Editor.dll
Symbol file LoadedFromMemory is not a mono symbol file
Symbol file data-000001E39183F8E0 doesn't match image Y:\서울여대\GURU1_unity\GURU1_Unity_77\Final\P12\Library\ScriptAssemblies\Unity.2D.Common.Editor.dll
Symbol file LoadedFromMemory is not a mono symbol file
Symbol file data-000001E38C4ADC20 doesn't match image Y:\서울여대\GURU1_unity\GURU1_Unity_77\Final\P12\Library\ScriptAssemblies\Unity.2D.SpriteShape.Runtime.dll
Symbol file LoadedFromMemory is not a mono symbol file
Native extension for WindowsStandalone target not found
Refreshing native plugins compatible for Editor in 1.35 ms, found 3 plugins.
Preloading 0 native plugins for Editor in 0.00 ms.
Mono: successfully reloaded assembly
- Completed reload, in  4.659 seconds
Domain Reload Profiling:
	ReloadAssembly (4660ms)
		BeginReloadAssembly (283ms)
			ExecutionOrderSort (0ms)
			DisableScriptedObjects (13ms)
			BackupInstance (0ms)
			ReleaseScriptingObjects (0ms)
			CreateAndSetChildDomain (65ms)
		EndReloadAssembly (4227ms)
			LoadAssemblies (340ms)
			RebuildTransferFunctionScriptingTraits (0ms)
			SetupTypeCache (2995ms)
			ReleaseScriptCaches (1ms)
			RebuildScriptCaches (85ms)
			SetupLoadedEditorAssemblies (608ms)
				LogAssemblyErrors (0ms)
				InitializePlatformSupportModulesInManaged (10ms)
				SetLoadedEditorAssemblies (1ms)
				RefreshPlugins (2ms)
				BeforeProcessingInitializeOnLoad (146ms)
				ProcessInitializeOnLoadAttributes (419ms)
				ProcessInitializeOnLoadMethodAttributes (26ms)
				AfterProcessingInitializeOnLoad (5ms)
				EditorAssembliesLoaded (0ms)
			ExecutionOrderSort2 (0ms)
			AwakeInstancesAfterBackupRestoration (24ms)
Platform modules already initialized, skipping
Refreshing native plugins compatible for Editor in 0.83 ms, found 3 plugins.
Preloading 0 native plugins for Editor in 0.00 ms.
Unloading 2215 Unused Serialized files (Serialized files now loaded: 0)
System memory in use before: 99.1 MB.
System memory in use after: 99.2 MB.

Unloading 17 unused Assets to reduce memory usage. Loaded Objects now: 2669.
Total: 4.724500 ms (FindLiveObjects: 0.226100 ms CreateObjectMapping: 0.124800 ms MarkObjects: 4.348800 ms  DeleteObjects: 0.023300 ms)

AssetImportParameters requested are different than current active one (requested -> active):
  custom:framework-win-MediaFoundation: 216162199b28c13a410421893ffa2e32 -> 
  custom:video-decoder-ogg-theora: a1e56fd34408186e4bbccfd4996cb3dc -> 
  custom:container-muxer-webm: aa71ff27fc2769a1b78a27578f13a17b -> 
  custom:container-demuxer-webm: 4f35f7cbe854078d1ac9338744f61a02 -> 
  custom:container-demuxer-ogg: 62fdf1f143b41e24485cea50d1cbac27 -> 
  custom:video-encoder-webm-vp8: eb34c28f22e8b96e1ab97ce403110664 -> 
  custom:video-decoder-webm-vp8: 9c59270c3fd7afecdb556c50c9e8de78 -> 
  custom:audio-decoder-ogg-vorbis: bf7c407c2cedff20999df2af8eb42d56 -> 
  custom:audio-encoder-webm-vorbis: bf7c407c2cedff20999df2af8eb42d56 -> 
========================================================================
Received Prepare
Registering precompiled user dll's ...
Registered in 0.011903 seconds.
Begin MonoManager ReloadAssembly
Symbol file data-000001E38C93F020 doesn't match image Y:\서울여대\GURU1_unity\GURU1_Unity_77\Final\P12\Library\ScriptAssemblies\Unity.2D.Animation.Editor.dll
Symbol file LoadedFromMemory is not a mono symbol file
Symbol file data-000001E39196D4B0 doesn't match image Y:\서울여대\GURU1_unity\GURU1_Unity_77\Final\P12\Library\ScriptAssemblies\Unity.InternalAPIEngineBridge.001.dll
Symbol file LoadedFromMemory is not a mono symbol file
Symbol file data-000001E3900B3020 doesn't match image Y:\서울여대\GURU1_unity\GURU1_Unity_77\Final\P12\Library\ScriptAssemblies\Unity.VSCode.Editor.dll
Symbol file LoadedFromMemory is not a mono symbol file
Symbol file data-000001E391565A90 doesn't match image Y:\서울여대\GURU1_unity\GURU1_Unity_77\Final\P12\Library\ScriptAssemblies\Unity.2D.PixelPerfect.dll
Symbol file LoadedFromMemory is not a mono symbol file
Symbol file data-000001E391A60010 doesn't match image Y:\서울여대\GURU1_unity\GURU1_Unity_77\Final\P12\Library\ScriptAssemblies\Unity.2D.Tilemap.Editor.dll
Symbol file LoadedFromMemory is not a mono symbol file
Symbol file data-000001E388A57020 doesn't match image Y:\서울여대\GURU1_unity\GURU1_Unity_77\Final\P12\Library\ScriptAssemblies\PsdPlugin.dll
Symbol file LoadedFromMemory is not a mono symbol file
Symbol file data-000001E391A60010 doesn't match image Y:\서울여대\GURU1_unity\GURU1_Unity_77\Final\P12\Library\ScriptAssemblies\Unity.TextMeshPro.Editor.dll
Symbol file LoadedFromMemory is not a mono symbol file
Symbol file data-000001E38E59D240 doesn't match image Y:\서울여대\GURU1_unity\GURU1_Unity_77\Final\P12\Library\ScriptAssemblies\Unity.VisualStudio.Editor.dll
Symbol file LoadedFromMemory is not a mono symbol file
Symbol file data-000001E3918A8210 doesn't match image Y:\서울여대\GURU1_unity\GURU1_Unity_77\Final\P12\Library\ScriptAssemblies\UnityEngine.TestRunner.dll
Symbol file LoadedFromMemory is not a mono symbol file
Symbol file data-000001E391A60010 doesn't match image Y:\서울여대\GURU1_unity\GURU1_Unity_77\Final\P12\Library\ScriptAssemblies\Unity.Timeline.dll
Symbol file LoadedFromMemory is not a mono symbol file
Symbol file data-000001E38DE10010 doesn't match image Y:\서울여대\GURU1_unity\GURU1_Unity_77\Final\P12\Library\ScriptAssemblies\Unity.TextMeshPro.dll
Symbol file LoadedFromMemory is not a mono symbol file
Symbol file data-000001E38C715590 doesn't match image Y:\서울여대\GURU1_unity\GURU1_Unity_77\Final\P12\Library\ScriptAssemblies\UnityEditor.TestRunner.dll
Symbol file LoadedFromMemory is not a mono symbol file
Symbol file data-000001E3900B3020 doesn't match image Y:\서울여대\GURU1_unity\GURU1_Unity_77\Final\P12\Library\ScriptAssemblies\Unity.2D.IK.Editor.dll
Symbol file LoadedFromMemory is not a mono symbol file
Symbol file data-000001E391A60010 doesn't match image Y:\서울여대\GURU1_unity\GURU1_Unity_77\Final\P12\Library\ScriptAssemblies\Unity.2D.Sprite.Editor.dll
Symbol file LoadedFromMemory is not a mono symbol file
Symbol file data-000001E38E59D240 doesn't match image Y:\서울여대\GURU1_unity\GURU1_Unity_77\Final\P12\Library\ScriptAssemblies\Unity.2D.Psdimporter.Editor.dll
Symbol file LoadedFromMemory is not a mono symbol file
Symbol file data-000001E38C5B9030 doesn't match image Y:\서울여대\GURU1_unity\GURU1_Unity_77\Final\P12\Library\ScriptAssemblies\Unity.2D.Path.Editor.dll
Symbol file LoadedFromMemory is not a mono symbol file
Symbol file data-000001E3910DDD60 doesn't match image Y:\서울여대\GURU1_unity\GURU1_Unity_77\Final\P12\Library\ScriptAssemblies\Unity.InternalAPIEditorBridge.001.dll
Symbol file LoadedFromMemory is not a mono symbol file
Symbol file data-000001E38CC16020 doesn't match image Y:\서울여대\GURU1_unity\GURU1_Unity_77\Final\P12\Library\ScriptAssemblies\UnityEditor.UI.dll
Symbol file LoadedFromMemory is not a mono symbol file
Symbol file data-000001E38DB36020 doesn't match image Y:\서울여대\GURU1_unity\GURU1_Unity_77\Final\P12\Library\ScriptAssemblies\Unity.PlasticSCM.Editor.dll
Symbol file LoadedFromMemory is not a mono symbol file
Symbol file data-000001E391499220 doesn't match image Y:\서울여대\GURU1_unity\GURU1_Unity_77\Final\P12\Library\ScriptAssemblies\Unity.Rider.Editor.dll
Symbol file LoadedFromMemory is not a mono symbol file
Symbol file data-000001E3888A4020 doesn't match image Y:\서울여대\GURU1_unity\GURU1_Unity_77\Final\P12\Library\ScriptAssemblies\UnityEngine.UI.dll
Symbol file LoadedFromMemory is not a mono symbol file
Symbol file data-000001E38DF2E010 doesn't match image Y:\서울여대\GURU1_unity\GURU1_Unity_77\Final\P12\Library\ScriptAssemblies\Unity.Mathematics.dll
Symbol file LoadedFromMemory is not a mono symbol file
Symbol file data-000001E38FEF7040 doesn't match image Y:\서울여대\GURU1_unity\GURU1_Unity_77\Final\P12\Library\ScriptAssemblies\Unity.2D.IK.Runtime.dll
Symbol file LoadedFromMemory is not a mono symbol file
Symbol file data-000001E391499220 doesn't match image Y:\서울여대\GURU1_unity\GURU1_Unity_77\Final\P12\Library\ScriptAssemblies\Unity.Services.Core.Editor.dll
Symbol file LoadedFromMemory is not a mono symbol file
Symbol file data-000001E3888A4020 doesn't match image Y:\서울여대\GURU1_unity\GURU1_Unity_77\Final\P12\Library\ScriptAssemblies\Unity.2D.Animation.Triangle.Runtime.dll
Symbol file LoadedFromMemory is not a mono symbol file
Symbol file data-000001E391612020 doesn't match image Y:\서울여대\GURU1_unity\GURU1_Unity_77\Final\P12\Library\ScriptAssemblies\Unity.2D.Animation.Runtime.dll
Symbol file LoadedFromMemory is not a mono symbol file
Symbol file data-000001E390F5EA80 doesn't match image Y:\서울여대\GURU1_unity\GURU1_Unity_77\Final\P12\Library\ScriptAssemblies\Unity.2D.PixelPerfect.Editor.dll
Symbol file LoadedFromMemory is not a mono symbol file
Symbol file data-000001E38E4A79F0 doesn't match image Y:\서울여대\GURU1_unity\GURU1_Unity_77\Final\P12\Library\ScriptAssemblies\Unity.Timeline.Editor.dll
Symbol file LoadedFromMemory is not a mono symbol file
Symbol file data-000001E38DB18010 doesn't match image Y:\서울여대\GURU1_unity\GURU1_Unity_77\Final\P12\Library\ScriptAssemblies\Unity.CollabProxy.Editor.dll
Symbol file LoadedFromMemory is not a mono symbol file
Symbol file data-000001E38F4A8050 doesn't match image Y:\서울여대\GURU1_unity\GURU1_Unity_77\Final\P12\Library\ScriptAssemblies\Unity.Mathematics.Editor.dll
Symbol file LoadedFromMemory is not a mono symbol file
Symbol file data-000001E38E129FB0 doesn't match image Y:\서울여대\GURU1_unity\GURU1_Unity_77\Final\P12\Library\ScriptAssemblies\Unity.2D.Common.Runtime.dll
Symbol file LoadedFromMemory is not a mono symbol file
Symbol file data-000001E38E59D240 doesn't match image Y:\서울여대\GURU1_unity\GURU1_Unity_77\Final\P12\Library\ScriptAssemblies\Unity.2D.SpriteShape.Editor.dll
Symbol file LoadedFromMemory is not a mono symbol file
Symbol file data-000001E39263BA20 doesn't match image Y:\서울여대\GURU1_unity\GURU1_Unity_77\Final\P12\Library\ScriptAssemblies\Unity.2D.Common.Editor.dll
Symbol file LoadedFromMemory is not a mono symbol file
Symbol file data-000001E3918320D0 doesn't match image Y:\서울여대\GURU1_unity\GURU1_Unity_77\Final\P12\Library\ScriptAssemblies\Unity.2D.SpriteShape.Runtime.dll
Symbol file LoadedFromMemory is not a mono symbol file
Native extension for WindowsStandalone target not found
Refreshing native plugins compatible for Editor in 1.88 ms, found 3 plugins.
Preloading 0 native plugins for Editor in 0.00 ms.
Mono: successfully reloaded assembly
- Completed reload, in  4.882 seconds
Domain Reload Profiling:
	ReloadAssembly (4884ms)
		BeginReloadAssembly (341ms)
			ExecutionOrderSort (0ms)
			DisableScriptedObjects (18ms)
			BackupInstance (0ms)
			ReleaseScriptingObjects (0ms)
			CreateAndSetChildDomain (105ms)
		EndReloadAssembly (4310ms)
			LoadAssemblies (360ms)
			RebuildTransferFunctionScriptingTraits (0ms)
			SetupTypeCache (635ms)
			ReleaseScriptCaches (2ms)
			RebuildScriptCaches (184ms)
			SetupLoadedEditorAssemblies (2725ms)
				LogAssemblyErrors (0ms)
				InitializePlatformSupportModulesInManaged (25ms)
				SetLoadedEditorAssemblies (2ms)
				RefreshPlugins (2ms)
				BeforeProcessingInitializeOnLoad (358ms)
				ProcessInitializeOnLoadAttributes (2303ms)
				ProcessInitializeOnLoadMethodAttributes (25ms)
				AfterProcessingInitializeOnLoad (8ms)
				EditorAssembliesLoaded (0ms)
			ExecutionOrderSort2 (0ms)
			AwakeInstancesAfterBackupRestoration (22ms)
Platform modules already initialized, skipping
Refreshing native plugins compatible for Editor in 1.33 ms, found 3 plugins.
Preloading 0 native plugins for Editor in 0.00 ms.
Unloading 2215 Unused Serialized files (Serialized files now loaded: 0)
System memory in use before: 99.1 MB.
System memory in use after: 99.2 MB.

Unloading 17 unused Assets to reduce memory usage. Loaded Objects now: 2671.
Total: 6.943800 ms (FindLiveObjects: 0.421700 ms CreateObjectMapping: 0.253200 ms MarkObjects: 6.220300 ms  DeleteObjects: 0.046700 ms)

AssetImportParameters requested are different than current active one (requested -> active):
  custom:framework-win-MediaFoundation: 216162199b28c13a410421893ffa2e32 -> 
  custom:video-decoder-ogg-theora: a1e56fd34408186e4bbccfd4996cb3dc -> 
  custom:container-muxer-webm: aa71ff27fc2769a1b78a27578f13a17b -> 
  custom:container-demuxer-webm: 4f35f7cbe854078d1ac9338744f61a02 -> 
  custom:container-demuxer-ogg: 62fdf1f143b41e24485cea50d1cbac27 -> 
  custom:video-encoder-webm-vp8: eb34c28f22e8b96e1ab97ce403110664 -> 
  custom:video-decoder-webm-vp8: 9c59270c3fd7afecdb556c50c9e8de78 -> 
  custom:audio-decoder-ogg-vorbis: bf7c407c2cedff20999df2af8eb42d56 -> 
  custom:audio-encoder-webm-vorbis: bf7c407c2cedff20999df2af8eb42d56 -> 
========================================================================
Received Prepare
Registering precompiled user dll's ...
Registered in 0.049622 seconds.
Begin MonoManager ReloadAssembly
Symbol file data-000001E38C93F020 doesn't match image Y:\서울여대\GURU1_unity\GURU1_Unity_77\Final\P12\Library\ScriptAssemblies\Unity.2D.Animation.Editor.dll
Symbol file LoadedFromMemory is not a mono symbol file
Symbol file data-000001E39196B7B0 doesn't match image Y:\서울여대\GURU1_unity\GURU1_Unity_77\Final\P12\Library\ScriptAssemblies\Unity.InternalAPIEngineBridge.001.dll
Symbol file LoadedFromMemory is not a mono symbol file
Symbol file data-000001E38CDA9050 doesn't match image Y:\서울여대\GURU1_unity\GURU1_Unity_77\Final\P12\Library\ScriptAssemblies\Unity.VSCode.Editor.dll
Symbol file LoadedFromMemory is not a mono symbol file
Symbol file data-000001E38D0614A0 doesn't match image Y:\서울여대\GURU1_unity\GURU1_Unity_77\Final\P12\Library\ScriptAssemblies\Unity.2D.PixelPerfect.dll
Symbol file LoadedFromMemory is not a mono symbol file
Symbol file data-000001E390DC8010 doesn't match image Y:\서울여대\GURU1_unity\GURU1_Unity_77\Final\P12\Library\ScriptAssemblies\Unity.2D.Tilemap.Editor.dll
Symbol file LoadedFromMemory is not a mono symbol file
Symbol file data-000001E388A57020 doesn't match image Y:\서울여대\GURU1_unity\GURU1_Unity_77\Final\P12\Library\ScriptAssemblies\PsdPlugin.dll
Symbol file LoadedFromMemory is not a mono symbol file
Symbol file data-000001E3888C6DE0 doesn't match image Y:\서울여대\GURU1_unity\GURU1_Unity_77\Final\P12\Library\ScriptAssemblies\Unity.TextMeshPro.Editor.dll
Symbol file LoadedFromMemory is not a mono symbol file
Symbol file data-000001E388A9F6A0 doesn't match image Y:\서울여대\GURU1_unity\GURU1_Unity_77\Final\P12\Library\ScriptAssemblies\Unity.VisualStudio.Editor.dll
Symbol file LoadedFromMemory is not a mono symbol file
Symbol file data-000001E3918A8210 doesn't match image Y:\서울여대\GURU1_unity\GURU1_Unity_77\Final\P12\Library\ScriptAssemblies\UnityEngine.TestRunner.dll
Symbol file LoadedFromMemory is not a mono symbol file
Symbol file data-000001E390DC8010 doesn't match image Y:\서울여대\GURU1_unity\GURU1_Unity_77\Final\P12\Library\ScriptAssemblies\Unity.Timeline.dll
Symbol file LoadedFromMemory is not a mono symbol file
Symbol file data-000001E388B67960 doesn't match image Y:\서울여대\GURU1_unity\GURU1_Unity_77\Final\P12\Library\ScriptAssemblies\Unity.TextMeshPro.dll
Symbol file LoadedFromMemory is not a mono symbol file
Symbol file data-000001E38C715590 doesn't match image Y:\서울여대\GURU1_unity\GURU1_Unity_77\Final\P12\Library\ScriptAssemblies\UnityEditor.TestRunner.dll
Symbol file LoadedFromMemory is not a mono symbol file
Symbol file data-000001E38DE34C20 doesn't match image Y:\서울여대\GURU1_unity\GURU1_Unity_77\Final\P12\Library\ScriptAssemblies\Unity.2D.IK.Editor.dll
Symbol file LoadedFromMemory is not a mono symbol file
Symbol file data-000001E3888C6DE0 doesn't match image Y:\서울여대\GURU1_unity\GURU1_Unity_77\Final\P12\Library\ScriptAssemblies\Unity.2D.Sprite.Editor.dll
Symbol file LoadedFromMemory is not a mono symbol file
Symbol file data-000001E388A9F6A0 doesn't match image Y:\서울여대\GURU1_unity\GURU1_Unity_77\Final\P12\Library\ScriptAssemblies\Unity.2D.Psdimporter.Editor.dll
Symbol file LoadedFromMemory is not a mono symbol file
Symbol file data-000001E38CF58050 doesn't match image Y:\서울여대\GURU1_unity\GURU1_Unity_77\Final\P12\Library\ScriptAssemblies\Unity.2D.Path.Editor.dll
Symbol file LoadedFromMemory is not a mono symbol file
Symbol file data-000001E39018CDE0 doesn't match image Y:\서울여대\GURU1_unity\GURU1_Unity_77\Final\P12\Library\ScriptAssemblies\Unity.InternalAPIEditorBridge.001.dll
Symbol file LoadedFromMemory is not a mono symbol file
Symbol file data-000001E388A9F6A0 doesn't match image Y:\서울여대\GURU1_unity\GURU1_Unity_77\Final\P12\Library\ScriptAssemblies\UnityEditor.UI.dll
Symbol file LoadedFromMemory is not a mono symbol file
Symbol file data-000001E38C384020 doesn't match image Y:\서울여대\GURU1_unity\GURU1_Unity_77\Final\P12\Library\ScriptAssemblies\Unity.PlasticSCM.Editor.dll
Symbol file LoadedFromMemory is not a mono symbol file
Symbol file data-000001E38DE5C020 doesn't match image Y:\서울여대\GURU1_unity\GURU1_Unity_77\Final\P12\Library\ScriptAssemblies\Unity.Rider.Editor.dll
Symbol file LoadedFromMemory is not a mono symbol file
Symbol file data-000001E391434220 doesn't match image Y:\서울여대\GURU1_unity\GURU1_Unity_77\Final\P12\Library\ScriptAssemblies\UnityEngine.UI.dll
Symbol file LoadedFromMemory is not a mono symbol file
Symbol file data-000001E38DF2E010 doesn't match image Y:\서울여대\GURU1_unity\GURU1_Unity_77\Final\P12\Library\ScriptAssemblies\Unity.Mathematics.dll
Symbol file LoadedFromMemory is not a mono symbol file
Symbol file data-000001E3888C0040 doesn't match image Y:\서울여대\GURU1_unity\GURU1_Unity_77\Final\P12\Library\ScriptAssemblies\Unity.2D.IK.Runtime.dll
Symbol file LoadedFromMemory is not a mono symbol file
Symbol file data-000001E38DE5C020 doesn't match image Y:\서울여대\GURU1_unity\GURU1_Unity_77\Final\P12\Library\ScriptAssemblies\Unity.Services.Core.Editor.dll
Symbol file LoadedFromMemory is not a mono symbol file
Symbol file data-000001E391434220 doesn't match image Y:\서울여대\GURU1_unity\GURU1_Unity_77\Final\P12\Library\ScriptAssemblies\Unity.2D.Animation.Triangle.Runtime.dll
Symbol file LoadedFromMemory is not a mono symbol file
Symbol file data-000001E38C3C2020 doesn't match image Y:\서울여대\GURU1_unity\GURU1_Unity_77\Final\P12\Library\ScriptAssemblies\Unity.2D.Animation.Runtime.dll
Symbol file LoadedFromMemory is not a mono symbol file
Symbol file data-000001E390F5EA80 doesn't match image Y:\서울여대\GURU1_unity\GURU1_Unity_77\Final\P12\Library\ScriptAssemblies\Unity.2D.PixelPerfect.Editor.dll
Symbol file LoadedFromMemory is not a mono symbol file
Symbol file data-000001E38C4D9A10 doesn't match image Y:\서울여대\GURU1_unity\GURU1_Unity_77\Final\P12\Library\ScriptAssemblies\Unity.Timeline.Editor.dll
Symbol file LoadedFromMemory is not a mono symbol file
Symbol file data-000001E38DB18010 doesn't match image Y:\서울여대\GURU1_unity\GURU1_Unity_77\Final\P12\Library\ScriptAssemblies\Unity.CollabProxy.Editor.dll
Symbol file LoadedFromMemory is not a mono symbol file
Symbol file data-000001E391293010 doesn't match image Y:\서울여대\GURU1_unity\GURU1_Unity_77\Final\P12\Library\ScriptAssemblies\Unity.Mathematics.Editor.dll
Symbol file LoadedFromMemory is not a mono symbol file
Symbol file data-000001E38E129DE0 doesn't match image Y:\서울여대\GURU1_unity\GURU1_Unity_77\Final\P12\Library\ScriptAssemblies\Unity.2D.Common.Runtime.dll
Symbol file LoadedFromMemory is not a mono symbol file
Symbol file data-000001E388A9F6A0 doesn't match image Y:\서울여대\GURU1_unity\GURU1_Unity_77\Final\P12\Library\ScriptAssemblies\Unity.2D.SpriteShape.Editor.dll
Symbol file LoadedFromMemory is not a mono symbol file
Symbol file data-000001E38DE34C20 doesn't match image Y:\서울여대\GURU1_unity\GURU1_Unity_77\Final\P12\Library\ScriptAssemblies\Unity.2D.Common.Editor.dll
Symbol file LoadedFromMemory is not a mono symbol file
Symbol file data-000001E390DC8010 doesn't match image Y:\서울여대\GURU1_unity\GURU1_Unity_77\Final\P12\Library\ScriptAssemblies\Unity.2D.SpriteShape.Runtime.dll
Symbol file LoadedFromMemory is not a mono symbol file
Native extension for WindowsStandalone target not found
Refreshing native plugins compatible for Editor in 2.69 ms, found 3 plugins.
Preloading 0 native plugins for Editor in 0.00 ms.
Mono: successfully reloaded assembly
- Completed reload, in  8.539 seconds
Domain Reload Profiling:
	ReloadAssembly (8544ms)
		BeginReloadAssembly (2890ms)
			ExecutionOrderSort (0ms)
			DisableScriptedObjects (75ms)
			BackupInstance (0ms)
			ReleaseScriptingObjects (1ms)
			CreateAndSetChildDomain (2116ms)
		EndReloadAssembly (5064ms)
			LoadAssemblies (1017ms)
			RebuildTransferFunctionScriptingTraits (0ms)
			SetupTypeCache (2906ms)
			ReleaseScriptCaches (3ms)
			RebuildScriptCaches (160ms)
			SetupLoadedEditorAssemblies (903ms)
				LogAssemblyErrors (0ms)
				InitializePlatformSupportModulesInManaged (11ms)
				SetLoadedEditorAssemblies (1ms)
				RefreshPlugins (3ms)
				BeforeProcessingInitializeOnLoad (243ms)
				ProcessInitializeOnLoadAttributes (611ms)
				ProcessInitializeOnLoadMethodAttributes (27ms)
				AfterProcessingInitializeOnLoad (7ms)
				EditorAssembliesLoaded (0ms)
			ExecutionOrderSort2 (0ms)
			AwakeInstancesAfterBackupRestoration (23ms)
Platform modules already initialized, skipping
Refreshing native plugins compatible for Editor in 1.34 ms, found 3 plugins.
Preloading 0 native plugins for Editor in 0.00 ms.
Unloading 2215 Unused Serialized files (Serialized files now loaded: 0)
System memory in use before: 99.1 MB.
System memory in use after: 99.3 MB.

Unloading 17 unused Assets to reduce memory usage. Loaded Objects now: 2673.
Total: 7.959600 ms (FindLiveObjects: 0.303400 ms CreateObjectMapping: 0.160300 ms MarkObjects: 7.437500 ms  DeleteObjects: 0.056500 ms)

AssetImportParameters requested are different than current active one (requested -> active):
  custom:framework-win-MediaFoundation: 216162199b28c13a410421893ffa2e32 -> 
  custom:video-decoder-ogg-theora: a1e56fd34408186e4bbccfd4996cb3dc -> 
  custom:container-muxer-webm: aa71ff27fc2769a1b78a27578f13a17b -> 
  custom:container-demuxer-webm: 4f35f7cbe854078d1ac9338744f61a02 -> 
  custom:container-demuxer-ogg: 62fdf1f143b41e24485cea50d1cbac27 -> 
  custom:video-encoder-webm-vp8: eb34c28f22e8b96e1ab97ce403110664 -> 
  custom:video-decoder-webm-vp8: 9c59270c3fd7afecdb556c50c9e8de78 -> 
  custom:audio-decoder-ogg-vorbis: bf7c407c2cedff20999df2af8eb42d56 -> 
  custom:audio-encoder-webm-vorbis: bf7c407c2cedff20999df2af8eb42d56 -> 
========================================================================
Received Import Request.
  Time since last request: 2215.895623 seconds.
  path: Assets/Prefabs/Player (1).prefab
  artifactKey: Guid(82f56a45f71f56b418320c5edbec263f) Importer(815301076,1909f56bfc062723c751e8b465ee728b)
Start importing Assets/Prefabs/Player (1).prefab using Guid(82f56a45f71f56b418320c5edbec263f) Importer(815301076,1909f56bfc062723c751e8b465ee728b)  -> (artifact id: '9ec26f5f0ec9b95be426001a84efce96') in 0.290145 seconds 
  Import took 0.313640 seconds .

========================================================================
Received Import Request.
  Time since last request: 0.000346 seconds.
  path: Assets/Prefabs/Player (2).prefab
  artifactKey: Guid(da82c3eb18ad76b42a2c4715dce3e983) Importer(815301076,1909f56bfc062723c751e8b465ee728b)
Start importing Assets/Prefabs/Player (2).prefab using Guid(da82c3eb18ad76b42a2c4715dce3e983) Importer(815301076,1909f56bfc062723c751e8b465ee728b)  -> (artifact id: 'cf8c34f727c654cc54610fc6b309fb3a') in 0.060493 seconds 
  Import took 0.074262 seconds .

========================================================================
Received Import Request.
  Time since last request: 0.000915 seconds.
  path: Assets/Prefabs/Player.prefab
  artifactKey: Guid(6b443de29de3a494388598bcff20e6a0) Importer(815301076,1909f56bfc062723c751e8b465ee728b)
Start importing Assets/Prefabs/Player.prefab using Guid(6b443de29de3a494388598bcff20e6a0) Importer(815301076,1909f56bfc062723c751e8b465ee728b)  -> (artifact id: '2d31c47ce4efd7d2ac05a2977bdcc906') in 0.071121 seconds 
  Import took 0.084403 seconds .

========================================================================
Received Import Request.
  Time since last request: 194.148590 seconds.
  path: Assets/images/font/DungGeunMo.ttf
  artifactKey: Guid(9ac117e1775eb4340901507e936d5d24) Importer(815301076,1909f56bfc062723c751e8b465ee728b)
Start importing Assets/images/font/DungGeunMo.ttf using Guid(9ac117e1775eb4340901507e936d5d24) Importer(815301076,1909f56bfc062723c751e8b465ee728b)  -> (artifact id: '61724617b911f0b39ff4d388978e8079') in 0.199089 seconds 
  Import took 0.208834 seconds .

========================================================================
Received Import Request.
  Time since last request: 0.000435 seconds.
  path: Assets/images/font/PFStardust.ttf
  artifactKey: Guid(a87f022ba0a060a448207c0aa65e55c1) Importer(815301076,1909f56bfc062723c751e8b465ee728b)
Start importing Assets/images/font/PFStardust.ttf using Guid(a87f022ba0a060a448207c0aa65e55c1) Importer(815301076,1909f56bfc062723c751e8b465ee728b)  -> (artifact id: '305290e516c0db57b1108877ca734e74') in 0.044545 seconds 
  Import took 0.053367 seconds .

========================================================================
Received Prepare
Registering precompiled user dll's ...
Registered in 0.180565 seconds.
Begin MonoManager ReloadAssembly
Symbol file data-000001E38C93F020 doesn't match image Y:\서울여대\GURU1_unity\GURU1_Unity_77\Final\P12\Library\ScriptAssemblies\Unity.2D.Animation.Editor.dll
Symbol file LoadedFromMemory is not a mono symbol file
Symbol file data-000001E39196CD70 doesn't match image Y:\서울여대\GURU1_unity\GURU1_Unity_77\Final\P12\Library\ScriptAssemblies\Unity.InternalAPIEngineBridge.001.dll
Symbol file LoadedFromMemory is not a mono symbol file
Symbol file data-000001E38D0BD830 doesn't match image Y:\서울여대\GURU1_unity\GURU1_Unity_77\Final\P12\Library\ScriptAssemblies\Unity.VSCode.Editor.dll
Symbol file LoadedFromMemory is not a mono symbol file
Symbol file data-000001E3910E15A0 doesn't match image Y:\서울여대\GURU1_unity\GURU1_Unity_77\Final\P12\Library\ScriptAssemblies\Unity.2D.PixelPerfect.dll
Symbol file LoadedFromMemory is not a mono symbol file
Symbol file data-000001E392900F70 doesn't match image Y:\서울여대\GURU1_unity\GURU1_Unity_77\Final\P12\Library\ScriptAssemblies\Unity.2D.Tilemap.Editor.dll
Symbol file LoadedFromMemory is not a mono symbol file
Symbol file data-000001E388AB3510 doesn't match image Y:\서울여대\GURU1_unity\GURU1_Unity_77\Final\P12\Library\ScriptAssemblies\PsdPlugin.dll
Symbol file LoadedFromMemory is not a mono symbol file
Symbol file data-000001E392900F70 doesn't match image Y:\서울여대\GURU1_unity\GURU1_Unity_77\Final\P12\Library\ScriptAssemblies\Unity.TextMeshPro.Editor.dll
Symbol file LoadedFromMemory is not a mono symbol file
Symbol file data-000001E388A9F6A0 doesn't match image Y:\서울여대\GURU1_unity\GURU1_Unity_77\Final\P12\Library\ScriptAssemblies\Unity.VisualStudio.Editor.dll
Symbol file LoadedFromMemory is not a mono symbol file
Symbol file data-000001E3918A8210 doesn't match image Y:\서울여대\GURU1_unity\GURU1_Unity_77\Final\P12\Library\ScriptAssemblies\UnityEngine.TestRunner.dll
Symbol file LoadedFromMemory is not a mono symbol file
Symbol file data-000001E392900F70 doesn't match image Y:\서울여대\GURU1_unity\GURU1_Unity_77\Final\P12\Library\ScriptAssemblies\Unity.Timeline.dll
Symbol file LoadedFromMemory is not a mono symbol file
Symbol file data-000001E388B67960 doesn't match image Y:\서울여대\GURU1_unity\GURU1_Unity_77\Final\P12\Library\ScriptAssemblies\Unity.TextMeshPro.dll
Symbol file LoadedFromMemory is not a mono symbol file
Symbol file data-000001E38C715590 doesn't match image Y:\서울여대\GURU1_unity\GURU1_Unity_77\Final\P12\Library\ScriptAssemblies\UnityEditor.TestRunner.dll
Symbol file LoadedFromMemory is not a mono symbol file
Symbol file data-000001E38F652C20 doesn't match image Y:\서울여대\GURU1_unity\GURU1_Unity_77\Final\P12\Library\ScriptAssemblies\Unity.2D.IK.Editor.dll
Symbol file LoadedFromMemory is not a mono symbol file
Symbol file data-000001E392900F70 doesn't match image Y:\서울여대\GURU1_unity\GURU1_Unity_77\Final\P12\Library\ScriptAssemblies\Unity.2D.Sprite.Editor.dll
Symbol file LoadedFromMemory is not a mono symbol file
Symbol file data-000001E388A9F6A0 doesn't match image Y:\서울여대\GURU1_unity\GURU1_Unity_77\Final\P12\Library\ScriptAssemblies\Unity.2D.Psdimporter.Editor.dll
Symbol file LoadedFromMemory is not a mono symbol file
Symbol file data-000001E38CF58050 doesn't match image Y:\서울여대\GURU1_unity\GURU1_Unity_77\Final\P12\Library\ScriptAssemblies\Unity.2D.Path.Editor.dll
Symbol file LoadedFromMemory is not a mono symbol file
Symbol file data-000001E39018ACB0 doesn't match image Y:\서울여대\GURU1_unity\GURU1_Unity_77\Final\P12\Library\ScriptAssemblies\Unity.InternalAPIEditorBridge.001.dll
Symbol file LoadedFromMemory is not a mono symbol file
Symbol file data-000001E388A9F6A0 doesn't match image Y:\서울여대\GURU1_unity\GURU1_Unity_77\Final\P12\Library\ScriptAssemblies\UnityEditor.UI.dll
Symbol file LoadedFromMemory is not a mono symbol file
Symbol file data-000001E391580070 doesn't match image Y:\서울여대\GURU1_unity\GURU1_Unity_77\Final\P12\Library\ScriptAssemblies\Unity.PlasticSCM.Editor.dll
Symbol file LoadedFromMemory is not a mono symbol file
Symbol file data-000001E38E0CF040 doesn't match image Y:\서울여대\GURU1_unity\GURU1_Unity_77\Final\P12\Library\ScriptAssemblies\Unity.Rider.Editor.dll
Symbol file LoadedFromMemory is not a mono symbol file
Symbol file data-000001E391434220 doesn't match image Y:\서울여대\GURU1_unity\GURU1_Unity_77\Final\P12\Library\ScriptAssemblies\UnityEngine.UI.dll
Symbol file LoadedFromMemory is not a mono symbol file
Symbol file data-000001E38DF2E010 doesn't match image Y:\서울여대\GURU1_unity\GURU1_Unity_77\Final\P12\Library\ScriptAssemblies\Unity.Mathematics.dll
Symbol file LoadedFromMemory is not a mono symbol file
Symbol file data-000001E38F652C20 doesn't match image Y:\서울여대\GURU1_unity\GURU1_Unity_77\Final\P12\Library\ScriptAssemblies\Unity.2D.IK.Runtime.dll
Symbol file LoadedFromMemory is not a mono symbol file
Symbol file data-000001E38E0CF040 doesn't match image Y:\서울여대\GURU1_unity\GURU1_Unity_77\Final\P12\Library\ScriptAssemblies\Unity.Services.Core.Editor.dll
Symbol file LoadedFromMemory is not a mono symbol file
Symbol file data-000001E391434220 doesn't match image Y:\서울여대\GURU1_unity\GURU1_Unity_77\Final\P12\Library\ScriptAssemblies\Unity.2D.Animation.Triangle.Runtime.dll
Symbol file LoadedFromMemory is not a mono symbol file
Symbol file data-000001E39149C530 doesn't match image Y:\서울여대\GURU1_unity\GURU1_Unity_77\Final\P12\Library\ScriptAssemblies\Unity.2D.Animation.Runtime.dll
Symbol file LoadedFromMemory is not a mono symbol file
Symbol file data-000001E390F5EA80 doesn't match image Y:\서울여대\GURU1_unity\GURU1_Unity_77\Final\P12\Library\ScriptAssemblies\Unity.2D.PixelPerfect.Editor.dll
Symbol file LoadedFromMemory is not a mono symbol file
Symbol file data-000001E38C4D9A10 doesn't match image Y:\서울여대\GURU1_unity\GURU1_Unity_77\Final\P12\Library\ScriptAssemblies\Unity.Timeline.Editor.dll
Symbol file LoadedFromMemory is not a mono symbol file
Symbol file data-000001E391813020 doesn't match image Y:\서울여대\GURU1_unity\GURU1_Unity_77\Final\P12\Library\ScriptAssemblies\Unity.CollabProxy.Editor.dll
Symbol file LoadedFromMemory is not a mono symbol file
Symbol file data-000001E391293010 doesn't match image Y:\서울여대\GURU1_unity\GURU1_Unity_77\Final\P12\Library\ScriptAssemblies\Unity.Mathematics.Editor.dll
Symbol file LoadedFromMemory is not a mono symbol file
Symbol file data-000001E38E12A350 doesn't match image Y:\서울여대\GURU1_unity\GURU1_Unity_77\Final\P12\Library\ScriptAssemblies\Unity.2D.Common.Runtime.dll
Symbol file LoadedFromMemory is not a mono symbol file
Symbol file data-000001E388A9F6A0 doesn't match image Y:\서울여대\GURU1_unity\GURU1_Unity_77\Final\P12\Library\ScriptAssemblies\Unity.2D.SpriteShape.Editor.dll
Symbol file LoadedFromMemory is not a mono symbol file
Symbol file data-000001E38D0BD830 doesn't match image Y:\서울여대\GURU1_unity\GURU1_Unity_77\Final\P12\Library\ScriptAssemblies\Unity.2D.Common.Editor.dll
Symbol file LoadedFromMemory is not a mono symbol file
Symbol file data-000001E391F64010 doesn't match image Y:\서울여대\GURU1_unity\GURU1_Unity_77\Final\P12\Library\ScriptAssemblies\Unity.2D.SpriteShape.Runtime.dll
Symbol file LoadedFromMemory is not a mono symbol file
Native extension for WindowsStandalone target not found
Refreshing native plugins compatible for Editor in 0.88 ms, found 3 plugins.
Preloading 0 native plugins for Editor in 0.00 ms.
Mono: successfully reloaded assembly
- Completed reload, in  4.220 seconds
Domain Reload Profiling:
	ReloadAssembly (4221ms)
		BeginReloadAssembly (190ms)
			ExecutionOrderSort (0ms)
			DisableScriptedObjects (8ms)
			BackupInstance (0ms)
			ReleaseScriptingObjects (0ms)
			CreateAndSetChildDomain (52ms)
		EndReloadAssembly (3936ms)
			LoadAssemblies (175ms)
			RebuildTransferFunctionScriptingTraits (0ms)
			SetupTypeCache (654ms)
			ReleaseScriptCaches (6ms)
			RebuildScriptCaches (233ms)
			SetupLoadedEditorAssemblies (2621ms)
				LogAssemblyErrors (0ms)
				InitializePlatformSupportModulesInManaged (6ms)
				SetLoadedEditorAssemblies (1ms)
				RefreshPlugins (1ms)
				BeforeProcessingInitializeOnLoad (151ms)
				ProcessInitializeOnLoadAttributes (435ms)
				ProcessInitializeOnLoadMethodAttributes (2017ms)
				AfterProcessingInitializeOnLoad (9ms)
				EditorAssembliesLoaded (0ms)
			ExecutionOrderSort2 (0ms)
			AwakeInstancesAfterBackupRestoration (22ms)
Platform modules already initialized, skipping
Refreshing native plugins compatible for Editor in 1.22 ms, found 3 plugins.
Preloading 0 native plugins for Editor in 0.00 ms.
Unloading 2215 Unused Serialized files (Serialized files now loaded: 0)
System memory in use before: 99.8 MB.
System memory in use after: 100.0 MB.

Unloading 19 unused Assets to reduce memory usage. Loaded Objects now: 2717.
Total: 5.558900 ms (FindLiveObjects: 0.435600 ms CreateObjectMapping: 0.283600 ms MarkObjects: 4.802900 ms  DeleteObjects: 0.035100 ms)

AssetImportParameters requested are different than current active one (requested -> active):
  custom:framework-win-MediaFoundation: 216162199b28c13a410421893ffa2e32 -> 
  custom:video-decoder-ogg-theora: a1e56fd34408186e4bbccfd4996cb3dc -> 
  custom:container-muxer-webm: aa71ff27fc2769a1b78a27578f13a17b -> 
  custom:container-demuxer-webm: 4f35f7cbe854078d1ac9338744f61a02 -> 
  custom:container-demuxer-ogg: 62fdf1f143b41e24485cea50d1cbac27 -> 
  custom:video-encoder-webm-vp8: eb34c28f22e8b96e1ab97ce403110664 -> 
  custom:video-decoder-webm-vp8: 9c59270c3fd7afecdb556c50c9e8de78 -> 
  custom:audio-decoder-ogg-vorbis: bf7c407c2cedff20999df2af8eb42d56 -> 
  custom:audio-encoder-webm-vorbis: bf7c407c2cedff20999df2af8eb42d56 -> 
========================================================================
Received Prepare
Registering precompiled user dll's ...
Registered in 0.011162 seconds.
Begin MonoManager ReloadAssembly
Symbol file data-000001E38C93F020 doesn't match image Y:\서울여대\GURU1_unity\GURU1_Unity_77\Final\P12\Library\ScriptAssemblies\Unity.2D.Animation.Editor.dll
Symbol file LoadedFromMemory is not a mono symbol file
Symbol file data-000001E39196CD70 doesn't match image Y:\서울여대\GURU1_unity\GURU1_Unity_77\Final\P12\Library\ScriptAssemblies\Unity.InternalAPIEngineBridge.001.dll
Symbol file LoadedFromMemory is not a mono symbol file
Symbol file data-000001E38D0BD830 doesn't match image Y:\서울여대\GURU1_unity\GURU1_Unity_77\Final\P12\Library\ScriptAssemblies\Unity.VSCode.Editor.dll
Symbol file LoadedFromMemory is not a mono symbol file
Symbol file data-000001E391B7B4B0 doesn't match image Y:\서울여대\GURU1_unity\GURU1_Unity_77\Final\P12\Library\ScriptAssemblies\Unity.2D.PixelPerfect.dll
Symbol file LoadedFromMemory is not a mono symbol file
Symbol file data-000001E391F64010 doesn't match image Y:\서울여대\GURU1_unity\GURU1_Unity_77\Final\P12\Library\ScriptAssemblies\Unity.2D.Tilemap.Editor.dll
Symbol file LoadedFromMemory is not a mono symbol file
Symbol file data-000001E391894020 doesn't match image Y:\서울여대\GURU1_unity\GURU1_Unity_77\Final\P12\Library\ScriptAssemblies\PsdPlugin.dll
Symbol file LoadedFromMemory is not a mono symbol file
Symbol file data-000001E391F64010 doesn't match image Y:\서울여대\GURU1_unity\GURU1_Unity_77\Final\P12\Library\ScriptAssemblies\Unity.TextMeshPro.Editor.dll
Symbol file LoadedFromMemory is not a mono symbol file
Symbol file data-000001E388A9F6A0 doesn't match image Y:\서울여대\GURU1_unity\GURU1_Unity_77\Final\P12\Library\ScriptAssemblies\Unity.VisualStudio.Editor.dll
Symbol file LoadedFromMemory is not a mono symbol file
Symbol file data-000001E3913AE030 doesn't match image Y:\서울여대\GURU1_unity\GURU1_Unity_77\Final\P12\Library\ScriptAssemblies\UnityEngine.TestRunner.dll
Symbol file LoadedFromMemory is not a mono symbol file
Symbol file data-000001E391F64010 doesn't match image Y:\서울여대\GURU1_unity\GURU1_Unity_77\Final\P12\Library\ScriptAssemblies\Unity.Timeline.dll
Symbol file LoadedFromMemory is not a mono symbol file
Symbol file data-000001E388B67960 doesn't match image Y:\서울여대\GURU1_unity\GURU1_Unity_77\Final\P12\Library\ScriptAssemblies\Unity.TextMeshPro.dll
Symbol file LoadedFromMemory is not a mono symbol file
Symbol file data-000001E38C715590 doesn't match image Y:\서울여대\GURU1_unity\GURU1_Unity_77\Final\P12\Library\ScriptAssemblies\UnityEditor.TestRunner.dll
Symbol file LoadedFromMemory is not a mono symbol file
Symbol file data-000001E38D0BD830 doesn't match image Y:\서울여대\GURU1_unity\GURU1_Unity_77\Final\P12\Library\ScriptAssemblies\Unity.2D.IK.Editor.dll
Symbol file LoadedFromMemory is not a mono symbol file
Symbol file data-000001E391F64010 doesn't match image Y:\서울여대\GURU1_unity\GURU1_Unity_77\Final\P12\Library\ScriptAssemblies\Unity.2D.Sprite.Editor.dll
Symbol file LoadedFromMemory is not a mono symbol file
Symbol file data-000001E388A9F6A0 doesn't match image Y:\서울여대\GURU1_unity\GURU1_Unity_77\Final\P12\Library\ScriptAssemblies\Unity.2D.Psdimporter.Editor.dll
Symbol file LoadedFromMemory is not a mono symbol file
Symbol file data-000001E38CF58050 doesn't match image Y:\서울여대\GURU1_unity\GURU1_Unity_77\Final\P12\Library\ScriptAssemblies\Unity.2D.Path.Editor.dll
Symbol file LoadedFromMemory is not a mono symbol file
Symbol file data-000001E3910E1FC0 doesn't match image Y:\서울여대\GURU1_unity\GURU1_Unity_77\Final\P12\Library\ScriptAssemblies\Unity.InternalAPIEditorBridge.001.dll
Symbol file LoadedFromMemory is not a mono symbol file
Symbol file data-000001E391E9FE50 doesn't match image Y:\서울여대\GURU1_unity\GURU1_Unity_77\Final\P12\Library\ScriptAssemblies\UnityEditor.UI.dll
Symbol file LoadedFromMemory is not a mono symbol file
Symbol file data-000001E38E8DF020 doesn't match image Y:\서울여대\GURU1_unity\GURU1_Unity_77\Final\P12\Library\ScriptAssemblies\Unity.PlasticSCM.Editor.dll
Symbol file LoadedFromMemory is not a mono symbol file
Symbol file data-000001E392777020 doesn't match image Y:\서울여대\GURU1_unity\GURU1_Unity_77\Final\P12\Library\ScriptAssemblies\Unity.Rider.Editor.dll
Symbol file LoadedFromMemory is not a mono symbol file
Symbol file data-000001E391434220 doesn't match image Y:\서울여대\GURU1_unity\GURU1_Unity_77\Final\P12\Library\ScriptAssemblies\UnityEngine.UI.dll
Symbol file LoadedFromMemory is not a mono symbol file
Symbol file data-000001E38DF2E010 doesn't match image Y:\서울여대\GURU1_unity\GURU1_Unity_77\Final\P12\Library\ScriptAssemblies\Unity.Mathematics.dll
Symbol file LoadedFromMemory is not a mono symbol file
Symbol file data-000001E38D0BD830 doesn't match image Y:\서울여대\GURU1_unity\GURU1_Unity_77\Final\P12\Library\ScriptAssemblies\Unity.2D.IK.Runtime.dll
Symbol file LoadedFromMemory is not a mono symbol file
Symbol file data-000001E392777020 doesn't match image Y:\서울여대\GURU1_unity\GURU1_Unity_77\Final\P12\Library\ScriptAssemblies\Unity.Services.Core.Editor.dll
Symbol file LoadedFromMemory is not a mono symbol file
Symbol file data-000001E391434220 doesn't match image Y:\서울여대\GURU1_unity\GURU1_Unity_77\Final\P12\Library\ScriptAssemblies\Unity.2D.Animation.Triangle.Runtime.dll
Symbol file LoadedFromMemory is not a mono symbol file
Symbol file data-000001E39149C530 doesn't match image Y:\서울여대\GURU1_unity\GURU1_Unity_77\Final\P12\Library\ScriptAssemblies\Unity.2D.Animation.Runtime.dll
Symbol file LoadedFromMemory is not a mono symbol file
Symbol file data-000001E390F5EA80 doesn't match image Y:\서울여대\GURU1_unity\GURU1_Unity_77\Final\P12\Library\ScriptAssemblies\Unity.2D.PixelPerfect.Editor.dll
Symbol file LoadedFromMemory is not a mono symbol file
Symbol file data-000001E38C4D9A10 doesn't match image Y:\서울여대\GURU1_unity\GURU1_Unity_77\Final\P12\Library\ScriptAssemblies\Unity.Timeline.Editor.dll
Symbol file LoadedFromMemory is not a mono symbol file
Symbol file data-000001E391813020 doesn't match image Y:\서울여대\GURU1_unity\GURU1_Unity_77\Final\P12\Library\ScriptAssemblies\Unity.CollabProxy.Editor.dll
Symbol file LoadedFromMemory is not a mono symbol file
Symbol file data-000001E391293010 doesn't match image Y:\서울여대\GURU1_unity\GURU1_Unity_77\Final\P12\Library\ScriptAssemblies\Unity.Mathematics.Editor.dll
Symbol file LoadedFromMemory is not a mono symbol file
Symbol file data-000001E38E129DE0 doesn't match image Y:\서울여대\GURU1_unity\GURU1_Unity_77\Final\P12\Library\ScriptAssemblies\Unity.2D.Common.Runtime.dll
Symbol file LoadedFromMemory is not a mono symbol file
Symbol file data-000001E388A9F6A0 doesn't match image Y:\서울여대\GURU1_unity\GURU1_Unity_77\Final\P12\Library\ScriptAssemblies\Unity.2D.SpriteShape.Editor.dll
Symbol file LoadedFromMemory is not a mono symbol file
Symbol file data-000001E38D0BD830 doesn't match image Y:\서울여대\GURU1_unity\GURU1_Unity_77\Final\P12\Library\ScriptAssemblies\Unity.2D.Common.Editor.dll
Symbol file LoadedFromMemory is not a mono symbol file
Symbol file data-000001E38DCBE020 doesn't match image Y:\서울여대\GURU1_unity\GURU1_Unity_77\Final\P12\Library\ScriptAssemblies\Unity.2D.SpriteShape.Runtime.dll
Symbol file LoadedFromMemory is not a mono symbol file
Native extension for WindowsStandalone target not found
Refreshing native plugins compatible for Editor in 1.96 ms, found 3 plugins.
Preloading 0 native plugins for Editor in 0.00 ms.
Mono: successfully reloaded assembly
- Completed reload, in  9.462 seconds
Domain Reload Profiling:
	ReloadAssembly (9463ms)
		BeginReloadAssembly (429ms)
			ExecutionOrderSort (0ms)
			DisableScriptedObjects (26ms)
			BackupInstance (0ms)
			ReleaseScriptingObjects (0ms)
			CreateAndSetChildDomain (113ms)
		EndReloadAssembly (8829ms)
			LoadAssemblies (467ms)
			RebuildTransferFunctionScriptingTraits (0ms)
			SetupTypeCache (6346ms)
			ReleaseScriptCaches (4ms)
			RebuildScriptCaches (349ms)
			SetupLoadedEditorAssemblies (1278ms)
				LogAssemblyErrors (0ms)
				InitializePlatformSupportModulesInManaged (16ms)
				SetLoadedEditorAssemblies (2ms)
				RefreshPlugins (2ms)
				BeforeProcessingInitializeOnLoad (291ms)
				ProcessInitializeOnLoadAttributes (911ms)
				ProcessInitializeOnLoadMethodAttributes (46ms)
				AfterProcessingInitializeOnLoad (9ms)
				EditorAssembliesLoaded (0ms)
			ExecutionOrderSort2 (0ms)
			AwakeInstancesAfterBackupRestoration (31ms)
Platform modules already initialized, skipping
Refreshing native plugins compatible for Editor in 1.52 ms, found 3 plugins.
Preloading 0 native plugins for Editor in 0.00 ms.
Unloading 2215 Unused Serialized files (Serialized files now loaded: 0)
System memory in use before: 99.7 MB.
System memory in use after: 99.9 MB.

Unloading 17 unused Assets to reduce memory usage. Loaded Objects now: 2719.
Total: 6.392300 ms (FindLiveObjects: 0.399900 ms CreateObjectMapping: 0.193800 ms MarkObjects: 5.771000 ms  DeleteObjects: 0.025700 ms)

AssetImportParameters requested are different than current active one (requested -> active):
  custom:framework-win-MediaFoundation: 216162199b28c13a410421893ffa2e32 -> 
  custom:video-decoder-ogg-theora: a1e56fd34408186e4bbccfd4996cb3dc -> 
  custom:container-muxer-webm: aa71ff27fc2769a1b78a27578f13a17b -> 
  custom:container-demuxer-webm: 4f35f7cbe854078d1ac9338744f61a02 -> 
  custom:container-demuxer-ogg: 62fdf1f143b41e24485cea50d1cbac27 -> 
  custom:video-encoder-webm-vp8: eb34c28f22e8b96e1ab97ce403110664 -> 
  custom:video-decoder-webm-vp8: 9c59270c3fd7afecdb556c50c9e8de78 -> 
  custom:audio-decoder-ogg-vorbis: bf7c407c2cedff20999df2af8eb42d56 -> 
  custom:audio-encoder-webm-vorbis: bf7c407c2cedff20999df2af8eb42d56 -> 
========================================================================
Received Import Request.
  Time since last request: 657.822545 seconds.
  path: Assets/images/50주년.png
  artifactKey: Guid(113fb4275beec8344a794f5d2501dddf) Importer(815301076,1909f56bfc062723c751e8b465ee728b)
Start importing Assets/images/50주년.png using Guid(113fb4275beec8344a794f5d2501dddf) Importer(815301076,1909f56bfc062723c751e8b465ee728b)  -> (artifact id: '0f13160a65d4fb3b78f74179cf0d62d2') in 0.083166 seconds 
  Import took 0.105629 seconds .

========================================================================
Received Import Request.
  Time since last request: 0.000387 seconds.
  path: Assets/images/background3.png
  artifactKey: Guid(717e7a5c7a9abfc449c295c7b256561e) Importer(815301076,1909f56bfc062723c751e8b465ee728b)
Start importing Assets/images/background3.png using Guid(717e7a5c7a9abfc449c295c7b256561e) Importer(815301076,1909f56bfc062723c751e8b465ee728b)  -> (artifact id: '9a77cf89790743c36cfa38c0038a92dd') in 0.036202 seconds 
  Import took 0.042792 seconds .

========================================================================
Received Import Request.
  Time since last request: 0.000472 seconds.
  path: Assets/images/인사관.png
  artifactKey: Guid(5a8758852ba5ed24895c7cc7d4222e11) Importer(815301076,1909f56bfc062723c751e8b465ee728b)
Start importing Assets/images/인사관.png using Guid(5a8758852ba5ed24895c7cc7d4222e11) Importer(815301076,1909f56bfc062723c751e8b465ee728b)  -> (artifact id: '8c5f565ee8e6d8ae94518899486d06ca') in 0.048825 seconds 
  Import took 0.056457 seconds .

========================================================================
Received Import Request.
  Time since last request: 0.000732 seconds.
  path: Assets/images/background1.png
  artifactKey: Guid(f5cfa393b379b9c42b8b92b443ef6e89) Importer(815301076,1909f56bfc062723c751e8b465ee728b)
Start importing Assets/images/background1.png using Guid(f5cfa393b379b9c42b8b92b443ef6e89) Importer(815301076,1909f56bfc062723c751e8b465ee728b)  -> (artifact id: '67701b34f3ad7c8ad0815a37149ade1b') in 0.036665 seconds 
  Import took 0.044269 seconds .

========================================================================
Received Import Request.
  Time since last request: 0.000436 seconds.
  path: Assets/images/background4.png
  artifactKey: Guid(b11c7a9a0d2c2df40b8d6866eeb12038) Importer(815301076,1909f56bfc062723c751e8b465ee728b)
Start importing Assets/images/background4.png using Guid(b11c7a9a0d2c2df40b8d6866eeb12038) Importer(815301076,1909f56bfc062723c751e8b465ee728b)  -> (artifact id: '7412ad8328747ac272fd174b0f10c120') in 0.037042 seconds 
  Import took 0.044972 seconds .

========================================================================
Received Import Request.
  Time since last request: 0.000427 seconds.
  path: Assets/images/fever.png
  artifactKey: Guid(4e4e19d5bfd491145ac109059d32d916) Importer(815301076,1909f56bfc062723c751e8b465ee728b)
Start importing Assets/images/fever.png using Guid(4e4e19d5bfd491145ac109059d32d916) Importer(815301076,1909f56bfc062723c751e8b465ee728b)  -> (artifact id: '357e2ce6b11761ed5ec45cbb9325f294') in 0.041281 seconds 
  Import took 0.131231 seconds .

========================================================================
Received Import Request.
  Time since last request: 0.054931 seconds.
  path: Assets/images/정문.png
  artifactKey: Guid(fc7c19c1be4e1a648b410d2182d1d2dc) Importer(815301076,1909f56bfc062723c751e8b465ee728b)
Start importing Assets/images/정문.png using Guid(fc7c19c1be4e1a648b410d2182d1d2dc) Importer(815301076,1909f56bfc062723c751e8b465ee728b)  -> (artifact id: 'd820010759d669f4eaf9470ef19f26fb') in 0.037739 seconds 
  Import took 1.634065 seconds .

========================================================================
Received Import Request.
  Time since last request: 0.000340 seconds.
  path: Assets/images/학생누리관.png
  artifactKey: Guid(324acf8e40101b04e98f3fe8c88538cb) Importer(815301076,1909f56bfc062723c751e8b465ee728b)
Start importing Assets/images/학생누리관.png using Guid(324acf8e40101b04e98f3fe8c88538cb) Importer(815301076,1909f56bfc062723c751e8b465ee728b)  -> (artifact id: 'a3f43119b89166786afea3eea7b0eedb') in 0.051565 seconds 
  Import took 0.064949 seconds .

========================================================================
Received Import Request.
  Time since last request: 0.000528 seconds.
  path: Assets/images/background2.png
  artifactKey: Guid(f8eca9fe0667bc143b64574e632d44b7) Importer(815301076,1909f56bfc062723c751e8b465ee728b)
Start importing Assets/images/background2.png using Guid(f8eca9fe0667bc143b64574e632d44b7) Importer(815301076,1909f56bfc062723c751e8b465ee728b)  -> (artifact id: 'ee1dfab8856c82c127b8a74e1a85f90c') in 0.076824 seconds 
  Import took 0.087646 seconds .

AssetImportWorkerClient::OnTransportError - code=2 error=End of file
